app/build/outputs/logs/manifest-merger-debug-report.txt
-- Merging decision tree log ---
manifest
ADDED from AndroidManifest.xml:2:1
	xmlns:android
		ADDED from AndroidManifest.xml:2:11
	package
		ADDED from AndroidManifest.xml:3:5
		INJECTED from AndroidManifest.xml:0:0
		INJECTED from AndroidManifest.xml:0:0
	android:versionName
		ADDED from AndroidManifest.xml:5:5
	android:versionCode
		ADDED from AndroidManifest.xml:4:5
		INJECTED from AndroidManifest.xml:0:0
		INJECTED from AndroidManifest.xml:0:0
uses-permission#android.permission.RECEIVE_BOOT_COMPLETED
ADDED from AndroidManifest.xml:6:1
	android:name
		ADDED from AndroidManifest.xml:6:18
uses-sdk
ADDED from AndroidManifest.xml:7:5
	android:targetSdkVersion
		ADDED from AndroidManifest.xml:9:9
		INJECTED from AndroidManifest.xml:0:0
		INJECTED from AndroidManifest.xml:0:0
	android:minSdkVersion
		ADDED from AndroidManifest.xml:8:9
		INJECTED from AndroidManifest.xml:0:0
		INJECTED from AndroidManifest.xml:0:0
application
ADDED from AndroidManifest.xml:11:5
	android:label
		ADDED from AndroidManifest.xml:15:9
	android:allowBackup
		ADDED from AndroidManifest.xml:12:9
	android:icon
		ADDED from AndroidManifest.xml:14:9
	android:theme
		ADDED from AndroidManifest.xml:16:9
	android:logo
		ADDED from AndroidManifest.xml:16:45
activity#com.example.vaighai.SplashScreen
ADDED from AndroidManifest.xml:17:9
	android:screenOrientation
		ADDED from AndroidManifest.xml:18:13
	android:name
		ADDED from AndroidManifest.xml:17:19
	android:launchMode
		ADDED from AndroidManifest.xml:17:47
intent-filter#android.intent.action.MAIN+android.intent.category.LAUNCHER
ADDED from AndroidManifest.xml:19:29
action#android.intent.action.MAIN
ADDED from AndroidManifest.xml:20:17
	android:name
		ADDED from AndroidManifest.xml:20:25
category#android.intent.category.LAUNCHER
ADDED from AndroidManifest.xml:21:17
	android:name
		ADDED from AndroidManifest.xml:21:27
activity#com.example.vaighai.Login
ADDED from AndroidManifest.xml:24:9
	android:noHistory
		ADDED from AndroidManifest.xml:24:82
	android:label
		ADDED from AndroidManifest.xml:24:40
	android:name
		ADDED from AndroidManifest.xml:24:19
activity#com.example.vaighai.MainActivity
ADDED from AndroidManifest.xml:26:9
	android:label
		ADDED from AndroidManifest.xml:28:13
	android:name
		ADDED from AndroidManifest.xml:27:13
activity#com.example.vaighai.Next
ADDED from AndroidManifest.xml:31:9
	android:label
		ADDED from AndroidManifest.xml:31:59
	android:name
		ADDED from AndroidManifest.xml:31:19
activity#com.example.vaighai.Contract
ADDED from AndroidManifest.xml:32:9
	android:name
		ADDED from AndroidManifest.xml:32:19
activity#com.example.vaighai.Pencontract
ADDED from AndroidManifest.xml:33:9
	android:name
		ADDED from AndroidManifest.xml:33:19
activity#com.example.vaighai.Stock
ADDED from AndroidManifest.xml:34:9
	android:name
		ADDED from AndroidManifest.xml:34:19
receiver#com.example.vaighai.TimeAlarm
ADDED from AndroidManifest.xml:35:11
	android:exported
		ADDED from AndroidManifest.xml:35:72
	android:enabled
		ADDED from AndroidManifest.xml:35:48
	android:name
		ADDED from AndroidManifest.xml:35:22
intent-filter#android.intent.action.BOOT_COMPLETED
ADDED from AndroidManifest.xml:36:14
action#android.intent.action.BOOT_COMPLETED
ADDED from AndroidManifest.xml:37:17
	android:name
		ADDED from AndroidManifest.xml:37:25
activity#com.example.vaighai.Listcont
ADDED from AndroidManifest.xml:42:15
	android:label
		ADDED from AndroidManifest.xml:42:51
	android:name
		ADDED from AndroidManifest.xml:42:25
activity#com.example.vaighai.Dobstock
ADDED from AndroidManifest.xml:43:15
	android:label
		ADDED from AndroidManifest.xml:44:16
	android:name
		ADDED from AndroidManifest.xml:43:25
activity#com.example.vaighai.oilstock
ADDED from AndroidManifest.xml:45:15
	android:label
		ADDED from AndroidManifest.xml:45:50
	android:name
		ADDED from AndroidManifest.xml:45:25
activity#com.example.vaighai.Feedstock
ADDED from AndroidManifest.xml:46:15
	android:label
		ADDED from AndroidManifest.xml:46:51
	android:name
		ADDED from AndroidManifest.xml:46:25
activity#com.example.vaighai.fistock
ADDED from AndroidManifest.xml:47:15
	android:label
		ADDED from AndroidManifest.xml:47:49
	android:name
		ADDED from AndroidManifest.xml:47:25
activity#com.example.vaighai.Wheatstock
ADDED from AndroidManifest.xml:48:15
	android:label
		ADDED from AndroidManifest.xml:48:52
	android:name
		ADDED from AndroidManifest.xml:48:25
activity#com.example.vaighai.Branstock
ADDED from AndroidManifest.xml:49:15
	android:label
		ADDED from AndroidManifest.xml:49:51
	android:name
		ADDED from AndroidManifest.xml:49:25
activity#com.example.vaighai.Newuser
ADDED from AndroidManifest.xml:50:15
	android:label
		ADDED from AndroidManifest.xml:50:49
	android:name
		ADDED from AndroidManifest.xml:50:25
activity#com.example.vaighai.Notify
ADDED from AndroidManifest.xml:51:15
	android:name
		ADDED from AndroidManifest.xml:51:25
activity#com.example.vaighai.Pending47
ADDED from AndroidManifest.xml:52:15
	android:name
		ADDED from AndroidManifest.xml:52:25
activity#com.example.vaighai.Arrivals
ADDED from AndroidManifest.xml:53:15
	android:label
		ADDED from AndroidManifest.xml:53:50
	android:name
		ADDED from AndroidManifest.xml:53:25
activity#com.example.vaighai.Outstanding
ADDED from AndroidManifest.xml:54:15
	android:label
		ADDED from AndroidManifest.xml:54:53
	android:name
		ADDED from AndroidManifest.xml:54:25
activity#com.example.vaighai.Production
ADDED from AndroidManifest.xml:55:15
	android:label
		ADDED from AndroidManifest.xml:55:52
	android:name
		ADDED from AndroidManifest.xml:55:25
activity#com.example.vaighai.Dobsales
ADDED from AndroidManifest.xml:56:15
	android:label
		ADDED from AndroidManifest.xml:56:50
	android:name
		ADDED from AndroidManifest.xml:56:25
activity#com.example.vaighai.salesfeed
ADDED from AndroidManifest.xml:57:15
	android:label
		ADDED from AndroidManifest.xml:57:51
	android:name
		ADDED from AndroidManifest.xml:57:25
activity#com.example.vaighai.fisales
ADDED from AndroidManifest.xml:58:15
	android:label
		ADDED from AndroidManifest.xml:58:49
	android:name
		ADDED from AndroidManifest.xml:58:25
activity#com.example.vaighai.Oilsales
ADDED from AndroidManifest.xml:59:15
	android:label
		ADDED from AndroidManifest.xml:59:50
	android:name
		ADDED from AndroidManifest.xml:59:25
activity#com.example.vaighai.Pendingbran
ADDED from AndroidManifest.xml:60:15
	android:name
		ADDED from AndroidManifest.xml:60:25
activity#com.example.vaighai.Pendingdob
ADDED from AndroidManifest.xml:61:15
	android:name
		ADDED from AndroidManifest.xml:61:25
activity#com.example.vaighai.Pendingfeed
ADDED from AndroidManifest.xml:62:15
	android:name
		ADDED from AndroidManifest.xml:62:25
activity#com.example.vaighai.Pendingfi
ADDED from AndroidManifest.xml:63:15
	android:name
		ADDED from AndroidManifest.xml:63:25
activity#com.example.vaighai.Pendingoil
ADDED from AndroidManifest.xml:64:15
	android:name
		ADDED from AndroidManifest.xml:64:25
activity#com.example.vaighai.Arrmoncat
ADDED from AndroidManifest.xml:65:15
	android:name
		ADDED from AndroidManifest.xml:65:25
activity#com.example.vaighai.Salesmon
ADDED from AndroidManifest.xml:66:15
	android:name
		ADDED from AndroidManifest.xml:66:25
activity#com.example.vaighai.Salesmondob
ADDED from AndroidManifest.xml:67:15
	android:name
		ADDED from AndroidManifest.xml:67:25
activity#com.example.vaighai.Samonfeed
ADDED from AndroidManifest.xml:68:15
	android:name
		ADDED from AndroidManifest.xml:68:25
activity#com.example.vaighai.Samonfi
ADDED from AndroidManifest.xml:69:15
	android:name
		ADDED from AndroidManifest.xml:69:25
activity#com.example.vaighai.Samonoil
ADDED from AndroidManifest.xml:70:15
	android:name
		ADDED from AndroidManifest.xml:70:25
activity#com.example.vaighai.Gcrlimt
ADDED from AndroidManifest.xml:71:15
	android:name
		ADDED from AndroidManifest.xml:71:25
activity#com.example.vaighai.Creditlmt
ADDED from AndroidManifest.xml:72:15
	android:name
		ADDED from AndroidManifest.xml:72:25
activity#com.example.vaighai.Creditlimit
ADDED from AndroidManifest.xml:73:15
	android:name
		ADDED from AndroidManifest.xml:73:25
activity#com.example.vaighai.Itemselect
ADDED from AndroidManifest.xml:74:15
	android:name
		ADDED from AndroidManifest.xml:74:25
activity#com.example.vaighai.Dobparty
ADDED from AndroidManifest.xml:75:15
	android:name
		ADDED from AndroidManifest.xml:75:25
uses-permission#android.permission.INTERNET
ADDED from AndroidManifest.xml:79:1
	android:name
		ADDED from AndroidManifest.xml:79:18
uses-permission#android.permission.READ_PROFILE
ADDED from AndroidManifest.xml:80:1
	android:name
		ADDED from AndroidManifest.xml:80:18
uses-permission#android.permission.READ_CONTACTS
ADDED from AndroidManifest.xml:81:1
	android:name
		ADDED from AndroidManifest.xml:81:18
uses-permission#android.permission.GET_ACCOUNTS
ADDED from AndroidManifest.xml:82:1
	android:name
		ADDED from AndroidManifest.xml:82:18
uses-permission#android.permission.READ_PHONE_STATE
ADDED from AndroidManifest.xml:83:1
	android:name
		ADDED from AndroidManifest.xml:83:18
uses-permission#android.permission.WAKE_LOCK
ADDED from AndroidManifest.xml:84:2
	android:name
		ADDED from AndroidManifest.xml:84:19
uses-permission#com.android.alarm.permission.SET_ALARM
ADDED from AndroidManifest.xml:85:5
	android:name
		ADDED from AndroidManifest.xml:85:22